{"type":["init_ps"],"time":["2024-04-29 19:22:02"],"user":["Lorenzo Bäurle"],"umph":[1714411322.6952],"ok":[true]}
,
{"type":["check_chunk"],"time":["2024-04-29 19:22:02"],"user":["Lorenzo Bäurle"],"umph":[1714411322.7135],"ok":[true],"chunk":[1],"ex":[1],"e.ind":[0],"code":["library(stargazer)"],"message":[""]}
,
{"type":["check_chunk"],"time":["2024-04-29 19:22:02"],"user":["Lorenzo Bäurle"],"umph":[1714411322.7965],"ok":[true],"chunk":[2],"ex":[1],"e.ind":[0],"code":["eu_makro <- read_csv(\"Data/EU_Makro.csv\")\n\n# enter your code here ...\n"],"message":[""]}
,
{"type":["check_chunk"],"time":["2024-04-29 19:22:02"],"user":["Lorenzo Bäurle"],"umph":[1714411322.8567],"ok":[true],"chunk":[3],"ex":[1],"e.ind":[0],"code":["eu_makro <- eu_makro %>%\n  mutate( debt_share_country_pro = debt_share_country * 100)\n  \ng1 <- eu_makro %>%\n  ggplot(aes(x = debt_share_country_pro, y = unempl)) + geom_point() + \n  xlab(\"Verschuldungsquote in %\") +\n  ylab(\"Arbeitslosenquote in %\")\ng1"],"message":[""]}
,
{"type":["check_chunk"],"time":["2024-04-29 19:22:02"],"user":["Lorenzo Bäurle"],"umph":[1714411322.863],"ok":[true],"chunk":[4],"ex":[1],"e.ind":[0],"code":["reg1 <- lm(unempl~debt_share_country_pro, data=eu_makro)\nsummary(reg1)\n"],"message":[""]}
,
{"type":["check_chunk"],"time":["2024-04-29 19:22:02"],"user":["Lorenzo Bäurle"],"umph":[1714411322.8692],"ok":[false],"chunk":[5],"ex":[1],"e.ind":[1],"code":["\n# Erwartete Arbeitslosenquote bei einer Verschuldungsquote von 0%\nexpected_unemployment_at_zero_debt <- round(6.894767, 3)\n\n# Ausgabe des Wertes\nexpected_unemployment_at_zero_debt\n\n"],"message":["\nOk, in chunk 1_c your command\n\n    expected_unemployment_at_zero_debt <- round(6.894767, 3)\n\nindeed yields the correct result. But you shall directly use the function '6.895', by just writing \n\n    6.895\n\nPlease change your code."]}
,
{"type":["check_ps"],"time":["2024-04-29 19:28:48"],"user":["Lorenzo Bäurle"],"umph":[1714411728.5101],"ok":[true]}
,
{"type":["check_chunk"],"time":["2024-04-29 19:28:48"],"user":["Lorenzo Bäurle"],"umph":[1714411728.546],"ok":[false],"chunk":[5],"ex":[1],"e.ind":[1],"code":["\n# Erwartete Arbeitslosenquote bei einer Verschuldungsquote von 0%\nexpected_unemployment_at_zero_debt <- 6.895\n\n# Ausgabe des Wertes\nexpected_unemployment_at_zero_debt\n\n"],"message":["\nOk, in chunk 1_c your command\n\n    expected_unemployment_at_zero_debt <- 6.895\n\nindeed yields the correct result. But you shall directly use the function '6.895', by just writing \n\n    6.895\n\nPlease change your code."]}
,
{"type":["check_ps"],"time":["2024-04-29 19:33:53"],"user":["Lorenzo Bäurle"],"umph":[1714412033.1599],"ok":[true]}
,
{"type":["check_chunk"],"time":["2024-04-29 19:33:53"],"user":["Lorenzo Bäurle"],"umph":[1714412033.1796],"ok":[false],"chunk":[5],"ex":[1],"e.ind":[1],"code":["\n# Erwartete Arbeitslosenquote bei einer Verschuldungsquote von 0%\nexpected_unemployment_at_zero_debt <- 6.895\n\n\n"],"message":["\nOk, in chunk 1_c your command\n\n    expected_unemployment_at_zero_debt <- 6.895\n\nindeed yields the correct result. But you shall directly use the function '6.895', by just writing \n\n    6.895\n\nPlease change your code."]}
,
{"type":["check_ps"],"time":["2024-04-29 19:34:15"],"user":["Lorenzo Bäurle"],"umph":[1714412055.8625],"ok":[true]}
,
{"type":["check_chunk"],"time":["2024-04-29 19:34:15"],"user":["Lorenzo Bäurle"],"umph":[1714412055.8713],"ok":[true],"chunk":[5],"ex":[1],"e.ind":[0],"code":["\n6.895\n\n\n"],"message":[""]}
,
{"type":["check_chunk"],"time":["2024-04-29 19:34:15"],"user":["Lorenzo Bäurle"],"umph":[1714412055.8761],"ok":[false],"chunk":[6],"ex":[1],"e.ind":[1],"code":["\n# Anwenden der Funktion coef auf reg1, um die geschätzten Koeffizienten zu erhalten\ncoefficients <- coef(reg1)\n\n# Speichern des ersten Koeffizienten (Intercept) in der Variable b0\nb0 <- coefficients[1]\n\n# Speichern des zweiten Koeffizienten (Steigung von debt_share_country_pro) in der Variable b1\nb1 <- coefficients[2]\n"],"message":["\nOk, in chunk 1_d your command\n\n    coefficients <- coef(reg1)\n\nindeed yields the correct result. But you shall directly use the function 'coef', by just writing \n\n    coef(reg1)\n\nPlease change your code."]}
,
{"type":["check_ps"],"time":["2024-04-29 19:40:23"],"user":["Lorenzo Bäurle"],"umph":[1714412423.2585],"ok":[true]}
,
{"type":["check_chunk"],"time":["2024-04-29 19:40:23"],"user":["Lorenzo Bäurle"],"umph":[1714412423.2775],"ok":[false],"chunk":[6],"ex":[1],"e.ind":[2],"code":["coef(reg1)\n\n"],"message":["\nYou have not yet made an assignment to b0 in chunk 1_d."]}
,
{"type":["check_ps"],"time":["2024-04-29 19:42:26"],"user":["Lorenzo Bäurle"],"umph":[1714412546.5278],"ok":[true]}
,
{"type":["check_chunk"],"time":["2024-04-29 19:42:26"],"user":["Lorenzo Bäurle"],"umph":[1714412546.5431],"ok":[true],"chunk":[6],"ex":[1],"e.ind":[0],"code":["coef(reg1)\n# Extrahieren der Koeffizienten und Speichern in den Variablen b0 und b1\nb0 <- coef(reg1)[1]\nb1 <- coef(reg1)[2]\n\n"],"message":[""]}
,
{"type":["check_chunk"],"time":["2024-04-29 19:42:26"],"user":["Lorenzo Bäurle"],"umph":[1714412546.547],"ok":[false],"chunk":[7],"ex":[1],"e.ind":[0],"code":["g2 <- g1 + geom_abline(intercept=.PH_._,slope=.PH_._,colour=\".PH_._\")\n\n# enter your code here ...\n\ng2"],"message":["evaluation error in \n  g2 <- g1 + geom_abline(intercept = ___, slope = ___, colour = \"___\")\n  Error:  object '___' not found\n"]}
,
{"type":["check_ps"],"time":["2024-04-29 19:45:52"],"user":["Lorenzo Bäurle"],"umph":[1714412752.4225],"ok":[true]}
,
{"type":["check_chunk"],"time":["2024-04-29 19:45:52"],"user":["Lorenzo Bäurle"],"umph":[1714412752.4346],"ok":[true],"chunk":[6],"ex":[1],"e.ind":[0],"code":["\ncoef(reg1)\n\n# Extrahieren der Koeffizienten und Speichern in den Variablen b0 und b1\nb0 <- coef(reg1)[1]\nb1 <- coef(reg1)[2]\n\n"],"message":[""]}
,
{"type":["check_chunk"],"time":["2024-04-29 19:45:52"],"user":["Lorenzo Bäurle"],"umph":[1714412752.4996],"ok":[false],"chunk":[7],"ex":[1],"e.ind":[1],"code":["# Reggressionsgerade zur Grafik g1 hinzufügen\ng2 <- g1 + geom_abline(intercept=coef(reg1)[1],slope=coef(reg1)[2],colour=\"blue\")\n\n# Anzeigen der Grafik g2\n\ng2"],"message":["\nYou have not made a correct assignment to g2 in chunk 1_f."]}
,
{"type":["check_ps"],"time":["2024-04-29 19:47:22"],"user":["Lorenzo Bäurle"],"umph":[1714412842.5868],"ok":[true]}
,
{"type":["check_chunk"],"time":["2024-04-29 19:47:22"],"user":["Lorenzo Bäurle"],"umph":[1714412842.6521],"ok":[true],"chunk":[7],"ex":[1],"e.ind":[0],"code":["# Zugriff auf die Koeffizienten des Regressionsmodells reg1\nb0 <- coef(reg1)[1]\nb1 <- coef(reg1)[2]\n\n# Hinzufügen der Regressionsgerade zur Grafik g1 und Speichern als g2\ng2 <- g1 + geom_abline(intercept=b0, slope=b1, colour=\"blue\")\n\n# Anzeigen der Grafik g2\ng2\n"],"message":[""]}
,
{"type":["check_chunk"],"time":["2024-04-29 19:47:22"],"user":["Lorenzo Bäurle"],"umph":[1714412842.6555],"ok":[false],"chunk":[8],"ex":[1],"e.ind":[1],"code":["\n# enter your code here ...\n"],"message":["\nYou have not yet entered all correct commands in chunk 1_g."]}
,
{"type":["check_ps"],"time":["2024-04-29 19:49:29"],"user":["Lorenzo Bäurle"],"umph":[1714412969.5015],"ok":[true]}
,
{"type":["check_chunk"],"time":["2024-04-29 19:49:29"],"user":["Lorenzo Bäurle"],"umph":[1714412969.5378],"ok":[false],"chunk":[8],"ex":[1],"e.ind":[1],"code":["\n# Berechnung der Korrelation zwischen 'unempl' und 'debt_share_country_pro'\ncorrelation_unempl_debt_share <- cor(eu_makro$unempl, eu_makro$debt_share_country_pro, use = \"pairwise.complete.obs\")\n\n# Anzeigen der berechneten Korrelation\ncorrelation_unempl_debt_share\n\n"],"message":["\nOk, in chunk 1_g your command\n\n    correlation_unempl_debt_share <- cor(eu_makro$unempl, eu_makro$debt_share_country_pro, use = \"pairwise.complete.obs\")\n\nindeed yields the correct result. But you shall directly use the function 'cor', by just writing \n\n    cor(eu_makro$debt_share_country_pro, eu_makro$unempl, use = \"pairwise.complete.obs\")\n\nPlease change your code."]}
,
{"type":["check_ps"],"time":["2024-04-29 19:50:15"],"user":["Lorenzo Bäurle"],"umph":[1714413015.9306],"ok":[true]}
,
{"type":["check_chunk"],"time":["2024-04-29 19:50:15"],"user":["Lorenzo Bäurle"],"umph":[1714413015.9424],"ok":[true],"chunk":[8],"ex":[1],"e.ind":[0],"code":["\n# Direkte Berechnung und Anzeige der Korrelation zwischen 'unempl' und 'debt_share_country_pro'\ncor(eu_makro$debt_share_country_pro, eu_makro$unempl, use = \"pairwise.complete.obs\")\n\n"],"message":[""]}
,
{"type":["check_chunk"],"time":["2024-04-29 19:50:15"],"user":["Lorenzo Bäurle"],"umph":[1714413015.9633],"ok":[true],"chunk":[9],"ex":[2],"e.ind":[0],"code":["set.seed(1)\nT <-  20 # Zahl der Beobachtungen\nbeta0 <- 10; beta1 <- 2;\nu <- rnorm(T,0,3) # Normalverteilte Stoergroesse\nu\nx <- runif(T,0,4) # gleichverteilte x zwischen 0 und 4\nx\ny <- beta0 + beta1*x + u\ny"],"message":[""]}
,
{"type":["check_chunk"],"time":["2024-04-29 19:50:15"],"user":["Lorenzo Bäurle"],"umph":[1714413015.9667],"ok":[false],"chunk":[10],"ex":[2],"e.ind":[1],"code":["\n# enter your code here ...\n"],"message":["\nYou have not yet entered all correct commands in chunk 2_a_2."]}
,
{"type":["check_ps"],"time":["2024-04-29 19:52:09"],"user":["Lorenzo Bäurle"],"umph":[1714413129.0435],"ok":[true]}
,
{"type":["check_chunk"],"time":["2024-04-29 19:52:09"],"user":["Lorenzo Bäurle"],"umph":[1714413129.0534],"ok":[true],"chunk":[10],"ex":[2],"e.ind":[0],"code":["\n2\n"],"message":[""]}
,
{"type":["check_chunk"],"time":["2024-04-29 19:52:09"],"user":["Lorenzo Bäurle"],"umph":[1714413129.0577],"ok":[false],"chunk":[11],"ex":[2],"e.ind":[1],"code":["\n# enter your code here ...\n"],"message":["\nYou have not yet entered all correct commands in chunk 2_a_3."]}
,
{"type":["check_ps"],"time":["2024-04-29 19:52:56"],"user":["Lorenzo Bäurle"],"umph":[1714413176.9461],"ok":[true]}
,
{"type":["check_chunk"],"time":["2024-04-29 19:52:56"],"user":["Lorenzo Bäurle"],"umph":[1714413176.9718],"ok":[true],"chunk":[11],"ex":[2],"e.ind":[0],"code":["\n# Durchführung der linearen Regression von y auf x und direkte Ausgabe der Ergebnisse\nlm(y ~ x)\n\n"],"message":[""]}
,
{"type":["check_chunk"],"time":["2024-04-29 19:52:56"],"user":["Lorenzo Bäurle"],"umph":[1714413176.9763],"ok":[true],"chunk":[12],"ex":[2],"e.ind":[0],"code":["simulate.and.estimate <- function(T=20, beta0 = 10, beta1=2) {\n  u <- rnorm(T,0,3) # Normalverteilte Stoergroesse\n  x <- runif(T,0,4) # gleichverteilte x zwischen 0 und 4\n  y <- beta0 + beta1*x + u\n  # Anmerkung lm.fit lauft schneller als\n  # lm, hat aber keinen so schoenen Syntax\n  reg <- lm.fit(x=cbind(1,x),y=y)\n  coef(reg)[2]\n}\nsimulate.and.estimate()\nsimulate.and.estimate()\nsimulate.and.estimate()"],"message":[""]}
,
{"type":["check_chunk"],"time":["2024-04-29 19:52:56"],"user":["Lorenzo Bäurle"],"umph":[1714413176.9796],"ok":[false],"chunk":[13],"ex":[2],"e.ind":[1],"code":["\n# enter your code here ...\n"],"message":["\nYou have not yet entered all correct commands in chunk 2_b_2."]}
,
{"type":["check_ps"],"time":["2024-04-29 19:53:36"],"user":["Lorenzo Bäurle"],"umph":[1714413216.27],"ok":[true]}
,
{"type":["check_chunk"],"time":["2024-04-29 19:53:36"],"user":["Lorenzo Bäurle"],"umph":[1714413216.2815],"ok":[true],"chunk":[13],"ex":[2],"e.ind":[0],"code":["\n2\n"],"message":[""]}
,
{"type":["check_chunk"],"time":["2024-04-29 19:53:36"],"user":["Lorenzo Bäurle"],"umph":[1714413216.2847],"ok":[false],"chunk":[14],"ex":[2],"e.ind":[0],"code":[".PH_.__ <- .PH_.__(.PH_.__,simulate.and.estimate())\n\n# enter your code here ...\n"],"message":["evaluation error in \n  ____ <- ____(____, simulate.and.estimate())\n  Error in ____(____, simulate.and.estimate()): could not find function \"____\"\n"]}
,
{"type":["check_ps"],"time":["2024-04-29 19:55:33"],"user":["Lorenzo Bäurle"],"umph":[1714413333.3761],"ok":[true]}
,
{"type":["check_chunk"],"time":["2024-04-29 19:55:33"],"user":["Lorenzo Bäurle"],"umph":[1714413333.6098],"ok":[true],"chunk":[14],"ex":[2],"e.ind":[0],"code":["sim.beta1 <- replicate(5000,simulate.and.estimate())\n\n# enter your code here ...\n"],"message":[""]}
,
{"type":["check_chunk"],"time":["2024-04-29 19:55:33"],"user":["Lorenzo Bäurle"],"umph":[1714413333.6195],"ok":[false],"chunk":[15],"ex":[2],"e.ind":[1],"code":["\n# enter your code here ...\n"],"message":["\nYou have not yet entered all correct commands in chunk 2_c_2."]}
,
{"type":["check_ps"],"time":["2024-04-29 19:56:27"],"user":["Lorenzo Bäurle"],"umph":[1714413387.6117],"ok":[true]}
,
{"type":["check_chunk"],"time":["2024-04-29 19:56:27"],"user":["Lorenzo Bäurle"],"umph":[1714413387.6295],"ok":[true],"chunk":[15],"ex":[2],"e.ind":[0],"code":["\n# Erstellen eines Histogramms der geschätzten Werte von beta1 aus den Simulationen\nhist(sim.beta1, main=\"Histogram of Estimated Beta1\", xlab=\"Beta1\", col=\"blue\")\n\n"],"message":[""]}
,
{"type":["check_chunk"],"time":["2024-04-29 19:56:27"],"user":["Lorenzo Bäurle"],"umph":[1714413387.6959],"ok":[true],"chunk":[16],"ex":[2],"e.ind":[0],"code":["ggplot(mapping=aes(x=sim.beta1)) + geom_density(fill=\"blue\", alpha=0.5) + geom_vline(xintercept = 2)"],"message":[""]}
,
{"type":["check_chunk"],"time":["2024-04-29 19:56:27"],"user":["Lorenzo Bäurle"],"umph":[1714413387.699],"ok":[false],"chunk":[17],"ex":[2],"e.ind":[1],"code":["\n# enter your code here ...\n"],"message":["\nYou have not yet entered all correct commands in chunk 2_d."]}
,
{"type":["check_ps"],"time":["2024-04-29 20:04:38"],"user":["Lorenzo Bäurle"],"umph":[1714413878.9426],"ok":[true]}
,
{"type":["check_chunk"],"time":["2024-04-29 20:04:38"],"user":["Lorenzo Bäurle"],"umph":[1714413878.9559],"ok":[false],"chunk":[17],"ex":[2],"e.ind":[1],"code":["\n# Berechnung der Standardabweichung der simulierten Schätzer beta1\nstandard_deviation_beta1 <- sd(sim.beta1)\n\n# Anzeige der berechneten Standardabweichung\nstandard_deviation_beta1\n\n"],"message":["\nOk, in chunk 2_d your command\n\n    standard_deviation_beta1 <- sd(sim.beta1)\n\nindeed yields the correct result. But you shall directly use the function 'sd', by just writing \n\n    sd(sim.beta1)\n\nPlease change your code."]}
,
{"type":["check_ps"],"time":["2024-04-29 20:05:54"],"user":["Lorenzo Bäurle"],"umph":[1714413954.6959],"ok":[true]}
,
{"type":["check_chunk"],"time":["2024-04-29 20:05:54"],"user":["Lorenzo Bäurle"],"umph":[1714413954.7056],"ok":[true],"chunk":[17],"ex":[2],"e.ind":[0],"code":["\n# Berechnung und Anzeige der Standardabweichung\nsd(sim.beta1)\n\n"],"message":[""]}
,
{"type":["check_chunk"],"time":["2024-04-29 20:05:54"],"user":["Lorenzo Bäurle"],"umph":[1714413954.7125],"ok":[false],"chunk":[18],"ex":[2],"e.ind":[2],"code":["reg1 <-  lm(y~x)\n\n# enter your code here ...\n"],"message":["\nYou have not yet entered all correct commands in chunk 2_e."]}
,
{"type":["check_ps"],"time":["2024-04-29 20:06:49"],"user":["Lorenzo Bäurle"],"umph":[1714414009.4205],"ok":[true]}
,
{"type":["check_chunk"],"time":["2024-04-29 20:06:49"],"user":["Lorenzo Bäurle"],"umph":[1714414009.4324],"ok":[true],"chunk":[18],"ex":[2],"e.ind":[0],"code":["reg1 <-  lm(y~x)\n\nsummary(reg1)\n\n# enter your code here ...\n"],"message":[""]}
,
{"type":["check_chunk"],"time":["2024-04-29 20:06:49"],"user":["Lorenzo Bäurle"],"umph":[1714414009.4369],"ok":[false],"chunk":[19],"ex":[2],"e.ind":[1],"code":["\n# enter your code here ...\n\n\n# enter your code here ...\n"],"message":["\nYou have not yet entered all correct commands in chunk 2_f."]}
,
{"type":["check_ps"],"time":["2024-04-29 20:07:50"],"user":["Lorenzo Bäurle"],"umph":[1714414070.8104],"ok":[true]}
,
{"type":["check_chunk"],"time":["2024-04-29 20:07:50"],"user":["Lorenzo Bäurle"],"umph":[1714414070.8563],"ok":[false],"chunk":[19],"ex":[2],"e.ind":[1],"code":["\n# Berechnung des 95% Konfidenzintervalls für das Regressionsmodell reg1\nconfint_95 <- confint(reg1, level = 0.95)\n\n# Berechnung des 99% Konfidenzintervalls für das Regressionsmodell reg1\nconfint_99 <- confint(reg1, level = 0.99)\n\n# Anzeigen der 95% und 99% Konfidenzintervalle\nconfint_95\nconfint_99\n\n"],"message":["\nOk, in chunk 2_f your command\n\n    confint_95 <- confint(reg1, level = 0.95)\n\nindeed yields the correct result. But you shall directly use the function 'confint', by just writing \n\n    confint(reg1)\n\nPlease change your code."]}
,
{"type":["check_ps"],"time":["2024-04-29 20:08:33"],"user":["Lorenzo Bäurle"],"umph":[1714414113.4487],"ok":[true]}
,
{"type":["check_chunk"],"time":["2024-04-29 20:08:33"],"user":["Lorenzo Bäurle"],"umph":[1714414113.4628],"ok":[false],"chunk":[19],"ex":[2],"e.ind":[2],"code":["\nconfint(reg1)\n\n"],"message":["\nYou have not yet entered all correct commands in chunk 2_f."]}
,
{"type":["check_ps"],"time":["2024-04-29 20:10:24"],"user":["Lorenzo Bäurle"],"umph":[1714414224.8454],"ok":[true]}
,
{"type":["check_chunk"],"time":["2024-04-29 20:10:24"],"user":["Lorenzo Bäurle"],"umph":[1714414224.8645],"ok":[true],"chunk":[19],"ex":[2],"e.ind":[0],"code":["\nconfint(reg1)\n\nconfint(reg1, level = 0.99)\n"],"message":[""]}
,
{"type":["check_chunk"],"time":["2024-04-29 20:10:25"],"user":["Lorenzo Bäurle"],"umph":[1714414225.7043],"ok":[true],"chunk":[20],"ex":[2],"e.ind":[0],"code":["ggplot(mapping = aes(x=x,y=y)) + geom_point()+ geom_smooth(method=\"lm\")"],"message":[""]}
,
{"type":["check_chunk"],"time":["2024-04-29 20:10:25"],"user":["Lorenzo Bäurle"],"umph":[1714414225.7358],"ok":[true],"chunk":[21],"ex":[3],"e.ind":[0],"code":["eu_makro <- read_csv(\"./data/EU_Makro.csv\")"],"message":[""]}
,
{"type":["check_chunk"],"time":["2024-04-29 20:10:25"],"user":["Lorenzo Bäurle"],"umph":[1714414225.7472],"ok":[true],"chunk":[22],"ex":[3],"e.ind":[0],"code":["eu_makro <-  eu_makro %>%\n  group_by(country) %>%\n  arrange(year) %>%\n  mutate(gdp_growth = 100*(gdp - lag(gdp)) / gdp ) %>%\n  ungroup()"],"message":[""]}
,
{"type":["check_chunk"],"time":["2024-04-29 20:10:25"],"user":["Lorenzo Bäurle"],"umph":[1714414225.7502],"ok":[false],"chunk":[23],"ex":[3],"e.ind":[1],"code":["\n# enter your code here ...\n"],"message":["\nYou have not yet made an assignment to dat in chunk 3_a_3."]}
,
{"type":["check_ps"],"time":["2024-04-29 20:11:47"],"user":["Lorenzo Bäurle"],"umph":[1714414307.0679],"ok":[true]}
,
{"type":["check_chunk"],"time":["2024-04-29 20:11:47"],"user":["Lorenzo Bäurle"],"umph":[1714414307.0847],"ok":[false],"chunk":[23],"ex":[3],"e.ind":[1],"code":["\n# Laden der dplyr Bibliothek für Datenmanipulation\nlibrary(dplyr)\n\n# Filtern der Daten für Deutschland, Frankreich und die Niederlande\ndat <- eu_makro %>%\n  filter(country %in% c(\"Deutschland\", \"Frankreich\", \"Niederlande\"))\n\n"],"message":["\nYou have not made a correct assignment to dat in chunk 3_a_3."]}
,
{"type":["hint"],"time":["2024-04-29 20:12:12"],"user":["Lorenzo Bäurle"],"umph":[1714414332.6251],"ok":[true],"chunk":[23],"ex":[3],"e.ind":[1]}
,
{"type":["check_ps"],"time":["2024-04-29 20:13:10"],"user":["Lorenzo Bäurle"],"umph":[1714414390.1706],"ok":[true]}
,
{"type":["check_chunk"],"time":["2024-04-29 20:13:10"],"user":["Lorenzo Bäurle"],"umph":[1714414390.1951],"ok":[true],"chunk":[23],"ex":[3],"e.ind":[0],"code":["library(dplyr)\n\n# Anzeigen aller einzigartigen Länder im Datensatz\nunique(eu_makro$country)\n\n# Filtern der Daten für Deutschland, Frankreich und die Niederlande\ndat <- filter(eu_makro, country %in% c(\"Germany\", \"France\", \"Netherlands\"))\n\n"],"message":[""]}
,
{"type":["check_chunk"],"time":["2024-04-29 20:13:10"],"user":["Lorenzo Bäurle"],"umph":[1714414390.2004],"ok":[false],"chunk":[24],"ex":[3],"e.ind":[1],"code":["\n# enter your code here ...\n\n\n# enter your code here ...\n"],"message":["\nYou have not yet made an assignment to reg1 in chunk 3_a_4."]}
,
{"type":["check_ps"],"time":["2024-04-29 20:13:49"],"user":["Lorenzo Bäurle"],"umph":[1714414429.5268],"ok":[true]}
,
{"type":["check_chunk"],"time":["2024-04-29 20:13:49"],"user":["Lorenzo Bäurle"],"umph":[1714414429.5462],"ok":[true],"chunk":[24],"ex":[3],"e.ind":[0],"code":["\n# Durchführung der linearen Regression von unempl auf gdp_growth\nreg1 <- lm(unempl ~ gdp_growth, data = dat)\n\n# Anzeige einer Zusammenfassung des Regressionsmodells\nsummary(reg1)\n\n"],"message":[""]}
,
{"type":["check_chunk"],"time":["2024-04-29 20:13:49"],"user":["Lorenzo Bäurle"],"umph":[1714414429.5522],"ok":[false],"chunk":[25],"ex":[3],"e.ind":[1],"code":["\n# enter your code here ...\n"],"message":["\nYou have not yet entered all correct commands in chunk 3_a_5."]}
,
{"type":["check_ps"],"time":["2024-04-29 20:15:26"],"user":["Lorenzo Bäurle"],"umph":[1714414526.3645],"ok":[true]}
,
{"type":["check_chunk"],"time":["2024-04-29 20:15:26"],"user":["Lorenzo Bäurle"],"umph":[1714414526.3759],"ok":[true],"chunk":[25],"ex":[3],"e.ind":[0],"code":["\n1\n"],"message":[""]}
,
{"type":["check_chunk"],"time":["2024-04-29 20:15:26"],"user":["Lorenzo Bäurle"],"umph":[1714414526.3804],"ok":[false],"chunk":[26],"ex":[3],"e.ind":[1],"code":["\n# enter your code here ...\n"],"message":["\nYou have not yet entered all correct commands in chunk 3_b."]}
,
{"type":["check_ps"],"time":["2024-04-29 20:16:24"],"user":["Lorenzo Bäurle"],"umph":[1714414584.9043],"ok":[true]}
,
{"type":["check_chunk"],"time":["2024-04-29 20:16:24"],"user":["Lorenzo Bäurle"],"umph":[1714414584.921],"ok":[true],"chunk":[26],"ex":[3],"e.ind":[0],"code":["\n3\n"],"message":[""]}
,
{"type":["check_chunk"],"time":["2024-04-29 20:16:24"],"user":["Lorenzo Bäurle"],"umph":[1714414584.926],"ok":[false],"chunk":[27],"ex":[3],"e.ind":[1],"code":["\n# enter your code here ...\n"],"message":["\nYou have not yet entered all correct commands in chunk 3_b_2."]}
,
{"type":["check_ps"],"time":["2024-04-29 20:18:30"],"user":["Lorenzo Bäurle"],"umph":[1714414710.2635],"ok":[true]}
,
{"type":["check_chunk"],"time":["2024-04-29 20:18:30"],"user":["Lorenzo Bäurle"],"umph":[1714414710.2761],"ok":[false],"chunk":[27],"ex":[3],"e.ind":[1],"code":["\n3\n"],"message":["\nOk, in chunk 3_b_2 your command\n\n    3\n\nindeed yields the correct result. But you shall solve this task instead by using the function 'c'."]}
,
{"type":["check_ps"],"time":["2024-04-29 20:18:49"],"user":["Lorenzo Bäurle"],"umph":[1714414729.7918],"ok":[true]}
,
{"type":["check_chunk"],"time":["2024-04-29 20:18:49"],"user":["Lorenzo Bäurle"],"umph":[1714414729.8014],"ok":[true],"chunk":[27],"ex":[3],"e.ind":[0],"code":["\nc(3)\n"],"message":[""]}
,
{"type":["check_chunk"],"time":["2024-04-29 20:18:49"],"user":["Lorenzo Bäurle"],"umph":[1714414729.9165],"ok":[true],"chunk":[28],"ex":[3],"e.ind":[0],"code":["reg2 <- lm(unempl~gdp_growth, data=eu_makro)\nstargazer(type = \"text\", reg2 ,  single.row = TRUE, header = FALSE, digits=2)"],"message":[""]}
,
{"type":["check_chunk"],"time":["2024-04-29 20:18:49"],"user":["Lorenzo Bäurle"],"umph":[1714414729.9202],"ok":[false],"chunk":[29],"ex":[3],"e.ind":[1],"code":["\n# enter your code here ...\n"],"message":["\nYou have not yet entered all correct commands in chunk 3_c_2."]}
,
{"type":["check_ps"],"time":["2024-04-29 20:20:42"],"user":["Lorenzo Bäurle"],"umph":[1714414842.7104],"ok":[true]}
,
{"type":["check_chunk"],"time":["2024-04-29 20:20:42"],"user":["Lorenzo Bäurle"],"umph":[1714414842.7184],"ok":[false],"chunk":[29],"ex":[3],"e.ind":[1],"code":["\n4\n"],"message":["\nYou have not yet entered all correct commands in chunk 3_c_2."]}
,
{"type":["check_ps"],"time":["2024-04-29 20:20:50"],"user":["Lorenzo Bäurle"],"umph":[1714414850.4123],"ok":[true]}
,
{"type":["check_chunk"],"time":["2024-04-29 20:20:50"],"user":["Lorenzo Bäurle"],"umph":[1714414850.4201],"ok":[false],"chunk":[29],"ex":[3],"e.ind":[1],"code":["\n1\n"],"message":["\nYou have not yet entered all correct commands in chunk 3_c_2."]}
,
{"type":["check_ps"],"time":["2024-04-29 20:20:58"],"user":["Lorenzo Bäurle"],"umph":[1714414858.8107],"ok":[true]}
,
{"type":["check_chunk"],"time":["2024-04-29 20:20:58"],"user":["Lorenzo Bäurle"],"umph":[1714414858.8212],"ok":[true],"chunk":[29],"ex":[3],"e.ind":[0],"code":["\n3\n"],"message":[""]}
,
{"type":["check_chunk"],"time":["2024-04-29 20:20:58"],"user":["Lorenzo Bäurle"],"umph":[1714414858.8253],"ok":[false],"chunk":[30],"ex":[3],"e.ind":[1],"code":["\n# enter your code here ...\n"],"message":["\nYou have not yet entered all correct commands in chunk 3_d."]}
,
{"type":["check_ps"],"time":["2024-04-29 20:22:23"],"user":["Lorenzo Bäurle"],"umph":[1714414943.5491],"ok":[true]}
,
{"type":["check_chunk"],"time":["2024-04-29 20:22:23"],"user":["Lorenzo Bäurle"],"umph":[1714414943.5674],"ok":[true],"chunk":[30],"ex":[3],"e.ind":[0],"code":["\n4\n"],"message":[""]}
,
{"type":["check_chunk"],"time":["2024-04-29 20:22:23"],"user":["Lorenzo Bäurle"],"umph":[1714414943.6134],"ok":[true],"chunk":[31],"ex":[4],"e.ind":[0],"code":["pwt <- readRDS(\"./data/pwt_2014.rds\")\nhead(pwt)"],"message":[""]}
,
{"type":["check_chunk"],"time":["2024-04-29 20:22:23"],"user":["Lorenzo Bäurle"],"umph":[1714414943.6168],"ok":[false],"chunk":[32],"ex":[4],"e.ind":[1],"code":["\n# enter your code here ...\n"],"message":["\nYou have not yet made an assignment to reg1 in chunk 4_b."]}
,
{"type":["check_ps"],"time":["2024-04-29 20:23:14"],"user":["Lorenzo Bäurle"],"umph":[1714414994.7223],"ok":[true]}
,
{"type":["check_chunk"],"time":["2024-04-29 20:23:14"],"user":["Lorenzo Bäurle"],"umph":[1714414994.7527],"ok":[true],"chunk":[32],"ex":[4],"e.ind":[0],"code":["\n# Durchführung der linearen Regression von bip auf k\nreg1 <- lm(bip ~ k, data = pwt)\n\n# Anzeige einer Zusammenfassung des Regressionsmodells\nsummary(reg1)\n\n"],"message":[""]}
,
{"type":["check_chunk"],"time":["2024-04-29 20:23:14"],"user":["Lorenzo Bäurle"],"umph":[1714414994.7572],"ok":[false],"chunk":[33],"ex":[4],"e.ind":[1],"code":["\n# enter your code here ...\n"],"message":["\nYou have not yet entered all correct commands in chunk 4_b_2."]}
,
{"type":["check_ps"],"time":["2024-04-29 20:23:38"],"user":["Lorenzo Bäurle"],"umph":[1714415018.3261],"ok":[true]}
,
{"type":["check_chunk"],"time":["2024-04-29 20:23:38"],"user":["Lorenzo Bäurle"],"umph":[1714415018.3428],"ok":[true],"chunk":[33],"ex":[4],"e.ind":[0],"code":["\n2\n"],"message":[""]}
,
{"type":["check_chunk"],"time":["2024-04-29 20:23:38"],"user":["Lorenzo Bäurle"],"umph":[1714415018.4775],"ok":[true],"chunk":[34],"ex":[4],"e.ind":[0],"code":["ggplot(pwt,aes(x=k,y=bip, label=isocode)) + geom_text() + geom_smooth(method=\"lm\")"],"message":[""]}
,
{"type":["check_chunk"],"time":["2024-04-29 20:23:38"],"user":["Lorenzo Bäurle"],"umph":[1714415018.4814],"ok":[false],"chunk":[35],"ex":[4],"e.ind":[1],"code":["\n# enter your code here ...\n"],"message":["\nYou have not yet made an assignment to pwt in chunk 4_d."]}
,
{"type":["check_ps"],"time":["2024-04-29 20:24:47"],"user":["Lorenzo Bäurle"],"umph":[1714415087.8021],"ok":[true]}
,
{"type":["check_chunk"],"time":["2024-04-29 20:24:47"],"user":["Lorenzo Bäurle"],"umph":[1714415087.8144],"ok":[false],"chunk":[33],"ex":[4],"e.ind":[1],"code":["\n1\n"],"message":["\nYou have not yet entered all correct commands in chunk 4_b_2."]}
,
{"type":["check_ps"],"time":["2024-04-29 20:24:54"],"user":["Lorenzo Bäurle"],"umph":[1714415094.6864],"ok":[true]}
,
{"type":["check_chunk"],"time":["2024-04-29 20:24:54"],"user":["Lorenzo Bäurle"],"umph":[1714415094.7002],"ok":[true],"chunk":[33],"ex":[4],"e.ind":[0],"code":["\n2\n"],"message":[""]}
,
{"type":["check_chunk"],"time":["2024-04-29 20:24:54"],"user":["Lorenzo Bäurle"],"umph":[1714415094.8195],"ok":[true],"chunk":[34],"ex":[4],"e.ind":[0],"code":["ggplot(pwt,aes(x=k,y=bip, label=isocode)) + geom_text() + geom_smooth(method=\"lm\")"],"message":[""]}
,
{"type":["check_chunk"],"time":["2024-04-29 20:24:54"],"user":["Lorenzo Bäurle"],"umph":[1714415094.8234],"ok":[false],"chunk":[35],"ex":[4],"e.ind":[1],"code":["\n# enter your code here ...\n"],"message":["\nYou have not yet made an assignment to pwt in chunk 4_d."]}
,
{"type":["check_ps"],"time":["2024-04-29 20:25:18"],"user":["Lorenzo Bäurle"],"umph":[1714415118.0805],"ok":[true]}
,
{"type":["check_chunk"],"time":["2024-04-29 20:25:18"],"user":["Lorenzo Bäurle"],"umph":[1714415118.0906],"ok":[true],"chunk":[35],"ex":[4],"e.ind":[0],"code":["\n# Erstellen der neuen Spalten log_bip und log_k in pwt\npwt <- pwt %>%\n  mutate(log_bip = log(bip), log_k = log(k))\n"],"message":[""]}
,
{"type":["check_chunk"],"time":["2024-04-29 20:25:18"],"user":["Lorenzo Bäurle"],"umph":[1714415118.2154],"ok":[true],"chunk":[36],"ex":[4],"e.ind":[0],"code":["ggplot(pwt,aes(x=log_k,y=log_bip, label=isocode)) + geom_text() + geom_smooth(method=\"lm\")"],"message":[""]}
,
{"type":["check_chunk"],"time":["2024-04-29 20:25:18"],"user":["Lorenzo Bäurle"],"umph":[1714415118.2185],"ok":[false],"chunk":[37],"ex":[4],"e.ind":[1],"code":["\n# enter your code here ...\n"],"message":["\nYou have not yet made an assignment to reg2 in chunk 4_e."]}
,
{"type":["check_ps"],"time":["2024-04-29 20:26:29"],"user":["Lorenzo Bäurle"],"umph":[1714415189.52],"ok":[true]}
,
{"type":["check_chunk"],"time":["2024-04-29 20:26:29"],"user":["Lorenzo Bäurle"],"umph":[1714415189.5392],"ok":[true],"chunk":[37],"ex":[4],"e.ind":[0],"code":["\n# Durchführung der linearen Regression von log_bip auf log_k\nreg2 <- lm(log_bip ~ log_k, data = pwt)\n\n# Anzeige einer Zusammenfassung des Regressionsmodells\nsummary(reg2)\n\n"],"message":[""]}
,
{"type":["check_chunk"],"time":["2024-04-29 20:26:29"],"user":["Lorenzo Bäurle"],"umph":[1714415189.5439],"ok":[false],"chunk":[38],"ex":[4],"e.ind":[1],"code":["\n2\n"],"message":["\nYou have not yet entered all correct commands in chunk 4_e_2."]}
,
{"type":["check_ps"],"time":["2024-04-29 20:26:38"],"user":["Lorenzo Bäurle"],"umph":[1714415198.0925],"ok":[true]}
,
{"type":["check_chunk"],"time":["2024-04-29 20:26:38"],"user":["Lorenzo Bäurle"],"umph":[1714415198.1113],"ok":[true],"chunk":[38],"ex":[4],"e.ind":[0],"code":["\n3\n"],"message":[""]}
,
{"type":["check_ps"],"time":["2024-04-29 20:30:32"],"user":["Lorenzo Bäurle"],"umph":[1714415432.3713],"ok":[true]}
,
{"type":["check_chunk"],"time":["2024-04-29 20:30:32"],"user":["Lorenzo Bäurle"],"umph":[1714415432.4903],"ok":[true],"chunk":[2],"ex":[1],"e.ind":[0],"code":["eu_makro <- read_csv(\"Data/EU_Makro.csv\")\n\n"],"message":[""]}
,
{"type":["check_chunk"],"time":["2024-04-29 20:30:32"],"user":["Lorenzo Bäurle"],"umph":[1714415432.6164],"ok":[true],"chunk":[3],"ex":[1],"e.ind":[0],"code":["eu_makro <- eu_makro %>%\n  mutate( debt_share_country_pro = debt_share_country * 100)\n  \ng1 <- eu_makro %>%\n  ggplot(aes(x = debt_share_country_pro, y = unempl)) + geom_point() + \n  xlab(\"Verschuldungsquote in %\") +\n  ylab(\"Arbeitslosenquote in %\")\ng1"],"message":[""]}
,
{"type":["check_chunk"],"time":["2024-04-29 20:30:32"],"user":["Lorenzo Bäurle"],"umph":[1714415432.6253],"ok":[true],"chunk":[4],"ex":[1],"e.ind":[0],"code":["reg1 <- lm(unempl~debt_share_country_pro, data=eu_makro)\nsummary(reg1)\n"],"message":[""]}
,
{"type":["check_chunk"],"time":["2024-04-29 20:30:32"],"user":["Lorenzo Bäurle"],"umph":[1714415432.6288],"ok":[true],"chunk":[5],"ex":[1],"e.ind":[0],"code":["\n6.895\n"],"message":[""]}
,
{"type":["check_chunk"],"time":["2024-04-29 20:30:32"],"user":["Lorenzo Bäurle"],"umph":[1714415432.6357],"ok":[true],"chunk":[6],"ex":[1],"e.ind":[0],"code":["\ncoef(reg1)\n\nb0 <- coef(reg1)[1]\nb1 <- coef(reg1)[2]\n\n"],"message":[""]}
,
{"type":["check_chunk"],"time":["2024-04-29 20:30:32"],"user":["Lorenzo Bäurle"],"umph":[1714415432.742],"ok":[true],"chunk":[7],"ex":[1],"e.ind":[0],"code":["# Zugriff auf die Koeffizienten des Regressionsmodells reg1\nb0 <- coef(reg1)[1]\nb1 <- coef(reg1)[2]\n\ng2 <- g1 + geom_abline(intercept=b0, slope=b1, colour=\"blue\")\n\n# Anzeigen der Grafik g2\ng2\n"],"message":[""]}
,
{"type":["check_chunk"],"time":["2024-04-29 20:30:32"],"user":["Lorenzo Bäurle"],"umph":[1714415432.745],"ok":[true],"chunk":[8],"ex":[1],"e.ind":[0],"code":["\n# Berechnung und Anzeige der Korrelation zwischen 'unempl' und 'debt_share_country_pro'\ncor(eu_makro$debt_share_country_pro, eu_makro$unempl, use = \"pairwise.complete.obs\")\n\n"],"message":[""]}
,
{"type":["check_chunk"],"time":["2024-04-29 20:30:33"],"user":["Lorenzo Bäurle"],"umph":[1714415433.0702],"ok":[true],"chunk":[14],"ex":[2],"e.ind":[0],"code":["sim.beta1 <- replicate(5000,simulate.and.estimate())\n\n"],"message":[""]}
,
{"type":["check_chunk"],"time":["2024-04-29 20:30:33"],"user":["Lorenzo Bäurle"],"umph":[1714415433.0915],"ok":[true],"chunk":[15],"ex":[2],"e.ind":[0],"code":["\n# Histogramm erstellen\nhist(sim.beta1, main=\"Histogram of Estimated Beta1\", xlab=\"Beta1\", col=\"blue\")\n\n"],"message":[""]}
,
{"type":["check_chunk"],"time":["2024-04-29 20:30:33"],"user":["Lorenzo Bäurle"],"umph":[1714415433.1748],"ok":[true],"chunk":[16],"ex":[2],"e.ind":[0],"code":["ggplot(mapping=aes(x=sim.beta1)) + geom_density(fill=\"blue\", alpha=0.5) + geom_vline(xintercept = 2)"],"message":[""]}
,
{"type":["check_chunk"],"time":["2024-04-29 20:30:33"],"user":["Lorenzo Bäurle"],"umph":[1714415433.1775],"ok":[true],"chunk":[17],"ex":[2],"e.ind":[0],"code":["\n# Berechnung und Anzeige der Standardabweichung\nsd(sim.beta1)\n\n"],"message":[""]}
,
{"type":["check_chunk"],"time":["2024-04-29 20:30:33"],"user":["Lorenzo Bäurle"],"umph":[1714415433.1828],"ok":[true],"chunk":[18],"ex":[2],"e.ind":[0],"code":["reg1 <-  lm(y~x)\n\nsummary(reg1)\n\n"],"message":[""]}
,
{"type":["check_chunk"],"time":["2024-04-29 20:30:33"],"user":["Lorenzo Bäurle"],"umph":[1714415433.1876],"ok":[true],"chunk":[19],"ex":[2],"e.ind":[0],"code":["\nconfint(reg1)\n\nconfint(reg1, level = 0.99)\n"],"message":[""]}
,
{"type":["check_chunk"],"time":["2024-04-29 20:30:33"],"user":["Lorenzo Bäurle"],"umph":[1714415433.2751],"ok":[true],"chunk":[20],"ex":[2],"e.ind":[0],"code":["ggplot(mapping = aes(x=x,y=y)) + geom_point()+ geom_smooth(method=\"lm\")"],"message":[""]}
,
{"type":["check_chunk"],"time":["2024-04-29 20:30:33"],"user":["Lorenzo Bäurle"],"umph":[1714415433.2799],"ok":[true],"chunk":[23],"ex":[3],"e.ind":[0],"code":["library(dplyr)\n\n# Anzeigen aller einzigartigen Länder\nunique(eu_makro$country)\n\n# Filtern der Daten für Deutschland, Frankreich und die Niederlande\ndat <- filter(eu_makro, country %in% c(\"Germany\", \"France\", \"Netherlands\"))\n\n"],"message":[""]}
,
{"type":["check_chunk"],"time":["2024-04-29 20:30:33"],"user":["Lorenzo Bäurle"],"umph":[1714415433.2856],"ok":[true],"chunk":[24],"ex":[3],"e.ind":[0],"code":["\n# Durchführung der linearen Regression von unempl auf gdp_growth\nreg1 <- lm(unempl ~ gdp_growth, data = dat)\n\n# Anzeige einer Zusammenfassung des Regressionsmodells\nsummary(reg1)\n\n"],"message":[""]}
,
{"type":["check_chunk"],"time":["2024-04-29 20:30:33"],"user":["Lorenzo Bäurle"],"umph":[1714415433.2883],"ok":[true],"chunk":[25],"ex":[3],"e.ind":[0],"code":["\n1\n"],"message":[""]}
,
{"type":["check_chunk"],"time":["2024-04-29 20:30:33"],"user":["Lorenzo Bäurle"],"umph":[1714415433.2908],"ok":[true],"chunk":[26],"ex":[3],"e.ind":[0],"code":["\n3\n"],"message":[""]}
,
{"type":["check_chunk"],"time":["2024-04-29 20:30:33"],"user":["Lorenzo Bäurle"],"umph":[1714415433.2931],"ok":[true],"chunk":[27],"ex":[3],"e.ind":[0],"code":["\nc(3)\n"],"message":[""]}
,
{"type":["check_chunk"],"time":["2024-04-29 20:30:33"],"user":["Lorenzo Bäurle"],"umph":[1714415433.4607],"ok":[true],"chunk":[28],"ex":[3],"e.ind":[0],"code":["reg2 <- lm(unempl~gdp_growth, data=eu_makro)\nstargazer(type = \"text\", reg2 ,  single.row = TRUE, header = FALSE, digits=2)"],"message":[""]}
,
{"type":["check_chunk"],"time":["2024-04-29 20:30:33"],"user":["Lorenzo Bäurle"],"umph":[1714415433.4635],"ok":[true],"chunk":[29],"ex":[3],"e.ind":[0],"code":["\n3\n"],"message":[""]}
,
{"type":["check_chunk"],"time":["2024-04-29 20:30:33"],"user":["Lorenzo Bäurle"],"umph":[1714415433.4662],"ok":[true],"chunk":[30],"ex":[3],"e.ind":[0],"code":["\n4\n"],"message":[""]}
,
{"type":["check_chunk"],"time":["2024-04-29 20:30:33"],"user":["Lorenzo Bäurle"],"umph":[1714415433.4718],"ok":[true],"chunk":[37],"ex":[4],"e.ind":[0],"code":["\n# Durchführung der linearen Regression von log_bip auf log_k\nreg2 <- lm(log_bip ~ log_k, data = pwt)\n\nsummary(reg2)\n\n"],"message":[""]}
,
{"type":["check_chunk"],"time":["2024-04-29 20:30:33"],"user":["Lorenzo Bäurle"],"umph":[1714415433.4743],"ok":[true],"chunk":[38],"ex":[4],"e.ind":[0],"code":["\n3\n"],"message":[""]}
,
{"type":["grade_ps"],"time":["2024-04-29 20:31:06"],"user":["Lorenzo Bäurle"],"umph":[1714415466.8861],"ok":[true]}
,
{"type":["init_ps"],"time":["2024-04-29 20:31:06"],"user":["Lorenzo Bäurle"],"umph":[1714415466.905],"ok":[true]}
,
{"type":["check_chunk"],"time":["2024-04-29 20:31:06"],"user":["Lorenzo Bäurle"],"umph":[1714415466.9111],"ok":[true],"chunk":[1],"ex":[1],"e.ind":[0],"code":["library(stargazer)"],"message":[""]}
,
{"type":["check_chunk"],"time":["2024-04-29 20:31:07"],"user":["Lorenzo Bäurle"],"umph":[1714415467.0035],"ok":[true],"chunk":[2],"ex":[1],"e.ind":[0],"code":["eu_makro <- read_csv(\"Data/EU_Makro.csv\")\n\n"],"message":[""]}
,
{"type":["check_chunk"],"time":["2024-04-29 20:31:07"],"user":["Lorenzo Bäurle"],"umph":[1714415467.0645],"ok":[true],"chunk":[3],"ex":[1],"e.ind":[0],"code":["eu_makro <- eu_makro %>%\n  mutate( debt_share_country_pro = debt_share_country * 100)\n  \ng1 <- eu_makro %>%\n  ggplot(aes(x = debt_share_country_pro, y = unempl)) + geom_point() + \n  xlab(\"Verschuldungsquote in %\") +\n  ylab(\"Arbeitslosenquote in %\")\ng1"],"message":[""]}
,
{"type":["check_chunk"],"time":["2024-04-29 20:31:07"],"user":["Lorenzo Bäurle"],"umph":[1714415467.0703],"ok":[true],"chunk":[4],"ex":[1],"e.ind":[0],"code":["reg1 <- lm(unempl~debt_share_country_pro, data=eu_makro)\nsummary(reg1)\n"],"message":[""]}
,
{"type":["check_chunk"],"time":["2024-04-29 20:31:07"],"user":["Lorenzo Bäurle"],"umph":[1714415467.073],"ok":[true],"chunk":[5],"ex":[1],"e.ind":[0],"code":["\n6.895\n"],"message":[""]}
,
{"type":["check_chunk"],"time":["2024-04-29 20:31:07"],"user":["Lorenzo Bäurle"],"umph":[1714415467.0779],"ok":[true],"chunk":[6],"ex":[1],"e.ind":[0],"code":["\ncoef(reg1)\n\nb0 <- coef(reg1)[1]\nb1 <- coef(reg1)[2]\n\n"],"message":[""]}
,
{"type":["check_chunk"],"time":["2024-04-29 20:31:07"],"user":["Lorenzo Bäurle"],"umph":[1714415467.1725],"ok":[true],"chunk":[7],"ex":[1],"e.ind":[0],"code":["# Zugriff auf die Koeffizienten des Regressionsmodells reg1\nb0 <- coef(reg1)[1]\nb1 <- coef(reg1)[2]\n\ng2 <- g1 + geom_abline(intercept=b0, slope=b1, colour=\"blue\")\n\n# Anzeigen der Grafik g2\ng2\n"],"message":[""]}
,
{"type":["check_chunk"],"time":["2024-04-29 20:31:07"],"user":["Lorenzo Bäurle"],"umph":[1714415467.1753],"ok":[true],"chunk":[8],"ex":[1],"e.ind":[0],"code":["\n# Berechnung und Anzeige der Korrelation zwischen 'unempl' und 'debt_share_country_pro'\ncor(eu_makro$debt_share_country_pro, eu_makro$unempl, use = \"pairwise.complete.obs\")\n\n"],"message":[""]}
,
{"type":["check_chunk"],"time":["2024-04-29 20:31:07"],"user":["Lorenzo Bäurle"],"umph":[1714415467.1889],"ok":[true],"chunk":[9],"ex":[2],"e.ind":[0],"code":["set.seed(1)\nT <-  20 # Zahl der Beobachtungen\nbeta0 <- 10; beta1 <- 2;\nu <- rnorm(T,0,3) # Normalverteilte Stoergroesse\nu\nx <- runif(T,0,4) # gleichverteilte x zwischen 0 und 4\nx\ny <- beta0 + beta1*x + u\ny"],"message":[""]}
,
{"type":["check_chunk"],"time":["2024-04-29 20:31:07"],"user":["Lorenzo Bäurle"],"umph":[1714415467.1913],"ok":[true],"chunk":[10],"ex":[2],"e.ind":[0],"code":["\n2\n"],"message":[""]}
,
{"type":["check_chunk"],"time":["2024-04-29 20:31:07"],"user":["Lorenzo Bäurle"],"umph":[1714415467.1943],"ok":[true],"chunk":[11],"ex":[2],"e.ind":[0],"code":["\n# Durchführung der linearen Regression von y auf x und direkte Ausgabe der Ergebnisse\nlm(y ~ x)\n\n"],"message":[""]}
,
{"type":["check_chunk"],"time":["2024-04-29 20:31:07"],"user":["Lorenzo Bäurle"],"umph":[1714415467.1967],"ok":[true],"chunk":[12],"ex":[2],"e.ind":[0],"code":["simulate.and.estimate <- function(T=20, beta0 = 10, beta1=2) {\n  u <- rnorm(T,0,3) # Normalverteilte Stoergroesse\n  x <- runif(T,0,4) # gleichverteilte x zwischen 0 und 4\n  y <- beta0 + beta1*x + u\n  # Anmerkung lm.fit lauft schneller als\n  # lm, hat aber keinen so schoenen Syntax\n  reg <- lm.fit(x=cbind(1,x),y=y)\n  coef(reg)[2]\n}\nsimulate.and.estimate()\nsimulate.and.estimate()\nsimulate.and.estimate()"],"message":[""]}
,
{"type":["check_chunk"],"time":["2024-04-29 20:31:07"],"user":["Lorenzo Bäurle"],"umph":[1714415467.1992],"ok":[true],"chunk":[13],"ex":[2],"e.ind":[0],"code":["\n2\n"],"message":[""]}
,
{"type":["check_chunk"],"time":["2024-04-29 20:31:07"],"user":["Lorenzo Bäurle"],"umph":[1714415467.574],"ok":[true],"chunk":[14],"ex":[2],"e.ind":[0],"code":["sim.beta1 <- replicate(5000,simulate.and.estimate())\n\n"],"message":[""]}
,
{"type":["check_chunk"],"time":["2024-04-29 20:31:07"],"user":["Lorenzo Bäurle"],"umph":[1714415467.5952],"ok":[true],"chunk":[15],"ex":[2],"e.ind":[0],"code":["\n# Histogramm erstellen\nhist(sim.beta1, main=\"Histogram of Estimated Beta1\", xlab=\"Beta1\", col=\"blue\")\n\n"],"message":[""]}
,
{"type":["check_chunk"],"time":["2024-04-29 20:31:07"],"user":["Lorenzo Bäurle"],"umph":[1714415467.6815],"ok":[true],"chunk":[16],"ex":[2],"e.ind":[0],"code":["ggplot(mapping=aes(x=sim.beta1)) + geom_density(fill=\"blue\", alpha=0.5) + geom_vline(xintercept = 2)"],"message":[""]}
,
{"type":["check_chunk"],"time":["2024-04-29 20:31:07"],"user":["Lorenzo Bäurle"],"umph":[1714415467.685],"ok":[true],"chunk":[17],"ex":[2],"e.ind":[0],"code":["\n# Berechnung und Anzeige der Standardabweichung\nsd(sim.beta1)\n\n"],"message":[""]}
,
{"type":["check_chunk"],"time":["2024-04-29 20:31:07"],"user":["Lorenzo Bäurle"],"umph":[1714415467.6902],"ok":[true],"chunk":[18],"ex":[2],"e.ind":[0],"code":["reg1 <-  lm(y~x)\n\nsummary(reg1)\n\n"],"message":[""]}
,
{"type":["check_chunk"],"time":["2024-04-29 20:31:07"],"user":["Lorenzo Bäurle"],"umph":[1714415467.6946],"ok":[true],"chunk":[19],"ex":[2],"e.ind":[0],"code":["\nconfint(reg1)\n\nconfint(reg1, level = 0.99)\n"],"message":[""]}
,
{"type":["check_chunk"],"time":["2024-04-29 20:31:07"],"user":["Lorenzo Bäurle"],"umph":[1714415467.7874],"ok":[true],"chunk":[20],"ex":[2],"e.ind":[0],"code":["ggplot(mapping = aes(x=x,y=y)) + geom_point()+ geom_smooth(method=\"lm\")"],"message":[""]}
,
{"type":["check_chunk"],"time":["2024-04-29 20:31:07"],"user":["Lorenzo Bäurle"],"umph":[1714415467.8188],"ok":[true],"chunk":[21],"ex":[3],"e.ind":[0],"code":["eu_makro <- read_csv(\"./data/EU_Makro.csv\")"],"message":[""]}
,
{"type":["check_chunk"],"time":["2024-04-29 20:31:07"],"user":["Lorenzo Bäurle"],"umph":[1714415467.8287],"ok":[true],"chunk":[22],"ex":[3],"e.ind":[0],"code":["eu_makro <-  eu_makro %>%\n  group_by(country) %>%\n  arrange(year) %>%\n  mutate(gdp_growth = 100*(gdp - lag(gdp)) / gdp ) %>%\n  ungroup()"],"message":[""]}
,
{"type":["check_chunk"],"time":["2024-04-29 20:31:07"],"user":["Lorenzo Bäurle"],"umph":[1714415467.833],"ok":[true],"chunk":[23],"ex":[3],"e.ind":[0],"code":["library(dplyr)\n\n# Anzeigen aller einzigartigen Länder\nunique(eu_makro$country)\n\n# Filtern der Daten für Deutschland, Frankreich und die Niederlande\ndat <- filter(eu_makro, country %in% c(\"Germany\", \"France\", \"Netherlands\"))\n\n"],"message":[""]}
,
{"type":["check_chunk"],"time":["2024-04-29 20:31:07"],"user":["Lorenzo Bäurle"],"umph":[1714415467.8386],"ok":[true],"chunk":[24],"ex":[3],"e.ind":[0],"code":["\n# Durchführung der linearen Regression von unempl auf gdp_growth\nreg1 <- lm(unempl ~ gdp_growth, data = dat)\n\n# Anzeige einer Zusammenfassung des Regressionsmodells\nsummary(reg1)\n\n"],"message":[""]}
,
{"type":["check_chunk"],"time":["2024-04-29 20:31:07"],"user":["Lorenzo Bäurle"],"umph":[1714415467.8415],"ok":[true],"chunk":[25],"ex":[3],"e.ind":[0],"code":["\n1\n"],"message":[""]}
,
{"type":["check_chunk"],"time":["2024-04-29 20:31:07"],"user":["Lorenzo Bäurle"],"umph":[1714415467.8441],"ok":[true],"chunk":[26],"ex":[3],"e.ind":[0],"code":["\n3\n"],"message":[""]}
,
{"type":["check_chunk"],"time":["2024-04-29 20:31:07"],"user":["Lorenzo Bäurle"],"umph":[1714415467.8466],"ok":[true],"chunk":[27],"ex":[3],"e.ind":[0],"code":["\nc(3)\n"],"message":[""]}
,
{"type":["check_chunk"],"time":["2024-04-29 20:31:08"],"user":["Lorenzo Bäurle"],"umph":[1714415468.018],"ok":[true],"chunk":[28],"ex":[3],"e.ind":[0],"code":["reg2 <- lm(unempl~gdp_growth, data=eu_makro)\nstargazer(type = \"text\", reg2 ,  single.row = TRUE, header = FALSE, digits=2)"],"message":[""]}
,
{"type":["check_chunk"],"time":["2024-04-29 20:31:08"],"user":["Lorenzo Bäurle"],"umph":[1714415468.0211],"ok":[true],"chunk":[29],"ex":[3],"e.ind":[0],"code":["\n3\n"],"message":[""]}
,
{"type":["check_chunk"],"time":["2024-04-29 20:31:08"],"user":["Lorenzo Bäurle"],"umph":[1714415468.0234],"ok":[true],"chunk":[30],"ex":[3],"e.ind":[0],"code":["\n4\n"],"message":[""]}
,
{"type":["check_chunk"],"time":["2024-04-29 20:31:08"],"user":["Lorenzo Bäurle"],"umph":[1714415468.034],"ok":[true],"chunk":[31],"ex":[4],"e.ind":[0],"code":["pwt <- readRDS(\"./data/pwt_2014.rds\")\nhead(pwt)"],"message":[""]}
,
{"type":["check_chunk"],"time":["2024-04-29 20:31:08"],"user":["Lorenzo Bäurle"],"umph":[1714415468.0393],"ok":[true],"chunk":[32],"ex":[4],"e.ind":[0],"code":["\n# Durchführung der linearen Regression von bip auf k\nreg1 <- lm(bip ~ k, data = pwt)\n\n# Anzeige einer Zusammenfassung des Regressionsmodells\nsummary(reg1)\n\n"],"message":[""]}
,
{"type":["check_chunk"],"time":["2024-04-29 20:31:08"],"user":["Lorenzo Bäurle"],"umph":[1714415468.0441],"ok":[true],"chunk":[33],"ex":[4],"e.ind":[0],"code":["\n2\n"],"message":[""]}
,
{"type":["check_chunk"],"time":["2024-04-29 20:31:08"],"user":["Lorenzo Bäurle"],"umph":[1714415468.1111],"ok":[true],"chunk":[34],"ex":[4],"e.ind":[0],"code":["ggplot(pwt,aes(x=k,y=bip, label=isocode)) + geom_text() + geom_smooth(method=\"lm\")"],"message":[""]}
,
{"type":["check_chunk"],"time":["2024-04-29 20:31:08"],"user":["Lorenzo Bäurle"],"umph":[1714415468.1154],"ok":[true],"chunk":[35],"ex":[4],"e.ind":[0],"code":["\n# Erstellen der neuen Spalten log_bip und log_k in pwt\npwt <- pwt %>%\n  mutate(log_bip = log(bip), log_k = log(k))\n"],"message":[""]}
,
{"type":["check_chunk"],"time":["2024-04-29 20:31:08"],"user":["Lorenzo Bäurle"],"umph":[1714415468.2276],"ok":[true],"chunk":[36],"ex":[4],"e.ind":[0],"code":["ggplot(pwt,aes(x=log_k,y=log_bip, label=isocode)) + geom_text() + geom_smooth(method=\"lm\")"],"message":[""]}
,
{"type":["check_chunk"],"time":["2024-04-29 20:31:08"],"user":["Lorenzo Bäurle"],"umph":[1714415468.2332],"ok":[true],"chunk":[37],"ex":[4],"e.ind":[0],"code":["\n# Durchführung der linearen Regression von log_bip auf log_k\nreg2 <- lm(log_bip ~ log_k, data = pwt)\n\nsummary(reg2)\n\n"],"message":[""]}
,
{"type":["check_chunk"],"time":["2024-04-29 20:31:08"],"user":["Lorenzo Bäurle"],"umph":[1714415468.236],"ok":[true],"chunk":[38],"ex":[4],"e.ind":[0],"code":["\n3\n"],"message":[""]}
,
